TN:
SF:src\modules\appointments\services\CreateAppointmentService.ts
FN:53,__decorate
FN:53,__metadata
FN:53,__param
FN:53,__awaiter
FN:53,adopt
FN:53,fulfilled
FN:53,rejected
FN:53,step
FN:53,__generator
FN:53,sent
FN:53,g.<computed>
FN:53,verb
FN:53,step
FN:53,__importDefault
FN:16,CreateAppointmentService
FN:21,CreateAppointmentService.execute
FNF:16
FNH:14
FNDA:1,__decorate
FNDA:1,__metadata
FNDA:1,__param
FNDA:7,__awaiter
FNDA:4,adopt
FNDA:4,fulfilled
FNDA:0,rejected
FNDA:6,step
FNDA:7,__generator
FNDA:4,sent
FNDA:0,g.<computed>
FNDA:21,verb
FNDA:11,step
FNDA:1,__importDefault
FNDA:5,CreateAppointmentService
FNDA:7,CreateAppointmentService.execute
DA:1,1
DA:2,1
DA:3,1
DA:4,1
DA:5,1
DA:6,1
DA:7,1
DA:8,1
DA:9,1
DA:10,1
DA:11,1
DA:12,1
DA:13,1
DA:14,1
DA:15,1
DA:16,1
DA:17,5
DA:18,5
DA:19,5
DA:20,1
DA:21,1
DA:22,7
DA:23,7
DA:24,1
DA:25,1
DA:26,6
DA:27,6
DA:28,6
DA:29,7
DA:30,2
DA:31,2
DA:32,4
DA:33,7
DA:34,2
DA:35,2
DA:36,2
DA:37,2
DA:38,7
DA:39,7
DA:40,0
DA:41,0
DA:42,7
DA:43,7
DA:44,7
DA:45,7
DA:46,7
DA:47,7
DA:48,7
DA:49,7
DA:50,7
DA:51,1
DA:52,1
DA:53,1
LF:53
LH:51
BRDA:53,0,0,1
BRDA:53,1,0,1
BRDA:53,2,0,0
BRDA:53,3,0,0
BRDA:53,4,0,0
BRDA:53,5,0,0
BRDA:53,6,0,1
BRDA:53,7,0,1
BRDA:53,8,0,1
BRDA:53,9,0,7
BRDA:53,10,0,4
BRDA:53,11,0,0
BRDA:53,12,0,7
BRDA:53,13,0,4
BRDA:53,14,0,0
BRDA:53,15,0,6
BRDA:53,16,0,2
BRDA:53,17,0,4
BRDA:53,18,0,7
BRDA:53,19,0,4
BRDA:53,20,0,0
BRDA:53,21,0,21
BRDA:53,22,0,11
BRDA:53,23,0,11
BRDA:53,24,0,0
BRDA:53,25,0,22
BRDA:53,26,0,0
BRDA:53,27,0,0
BRDA:53,28,0,0
BRDA:53,29,0,0
BRDA:53,30,0,11
BRDA:53,31,0,11
BRDA:53,32,0,4
BRDA:53,33,0,0
BRDA:53,34,0,0
BRDA:53,35,0,7
BRDA:53,36,0,0
BRDA:53,37,0,2
BRDA:53,38,0,0
BRDA:53,39,0,0
BRDA:53,40,0,0
BRDA:53,41,0,0
BRDA:53,42,0,11
BRDA:53,43,0,5
BRDA:53,44,0,11
BRDA:53,45,0,7
BRDA:53,46,0,5
BRDA:53,47,0,2
BRDA:53,48,0,0
BRDA:53,49,0,1
BRDA:53,50,0,0
BRDA:14,51,0,1
BRDA:16,52,0,5
BRDA:21,53,0,7
BRDA:53,54,0,7
BRDA:53,55,0,11
BRDA:53,56,0,7
BRDA:23,57,0,1
BRDA:25,58,0,6
BRDA:29,59,0,2
BRDA:31,60,0,4
BRDA:33,61,0,3
BRDA:33,62,0,2
BRDA:53,63,0,2
BRDA:39,64,0,0
BRDA:53,65,0,2
BRF:66
BRH:44
end_of_record
TN:
SF:src\modules\appointments\services\ListProviderDayAvailabilityService.ts
FN:50,__decorate
FN:50,__metadata
FN:50,__param
FN:50,__awaiter
FN:50,adopt
FN:50,fulfilled
FN:50,rejected
FN:50,step
FN:50,__generator
FN:50,sent
FN:50,g.<computed>
FN:50,verb
FN:50,step
FN:24,ListProviderDayAvailabilityService
FN:29,ListProviderDayAvailabilityService.execute
FNF:15
FNH:13
FNDA:1,__decorate
FNDA:1,__metadata
FNDA:1,__param
FNDA:1,__awaiter
FNDA:1,adopt
FNDA:1,fulfilled
FNDA:0,rejected
FNDA:2,step
FNDA:1,__generator
FNDA:1,sent
FNDA:0,g.<computed>
FNDA:3,verb
FNDA:2,step
FNDA:1,ListProviderDayAvailabilityService
FNDA:1,ListProviderDayAvailabilityService.execute
DA:1,1
DA:2,1
DA:3,1
DA:4,1
DA:5,1
DA:6,1
DA:7,1
DA:8,1
DA:9,1
DA:10,1
DA:11,1
DA:12,1
DA:13,1
DA:14,1
DA:15,1
DA:16,1
DA:17,1
DA:18,1
DA:19,1
DA:20,1
DA:21,1
DA:22,1
DA:23,1
DA:24,1
DA:25,1
DA:26,1
DA:27,1
DA:28,1
DA:29,1
DA:30,1
DA:31,1
DA:32,1
DA:33,1
DA:34,1
DA:35,1
DA:36,1
DA:37,1
DA:38,1
DA:39,10
DA:40,10
DA:41,10
DA:42,10
DA:43,10
DA:44,10
DA:45,1
DA:46,1
DA:47,1
DA:48,1
DA:49,1
DA:50,1
LF:50
LH:50
BRDA:50,0,0,1
BRDA:50,1,0,1
BRDA:50,2,0,0
BRDA:50,3,0,0
BRDA:50,4,0,0
BRDA:50,5,0,0
BRDA:50,6,0,1
BRDA:50,7,0,1
BRDA:50,8,0,1
BRDA:50,9,0,1
BRDA:50,10,0,1
BRDA:50,11,0,0
BRDA:50,12,0,1
BRDA:50,13,0,1
BRDA:50,14,0,0
BRDA:50,15,0,2
BRDA:50,16,0,1
BRDA:50,17,0,1
BRDA:50,18,0,1
BRDA:50,19,0,1
BRDA:50,20,0,0
BRDA:50,21,0,3
BRDA:50,22,0,2
BRDA:50,23,0,2
BRDA:50,24,0,0
BRDA:50,25,0,4
BRDA:50,26,0,0
BRDA:50,27,0,0
BRDA:50,28,0,0
BRDA:50,29,0,0
BRDA:50,30,0,2
BRDA:50,31,0,2
BRDA:50,32,0,1
BRDA:50,33,0,0
BRDA:50,34,0,0
BRDA:50,35,0,1
BRDA:50,36,0,0
BRDA:50,37,0,0
BRDA:50,38,0,0
BRDA:50,39,0,0
BRDA:50,40,0,0
BRDA:50,41,0,2
BRDA:50,42,0,0
BRDA:50,43,0,2
BRDA:50,44,0,1
BRDA:50,45,0,0
BRDA:50,46,0,1
BRDA:50,47,0,0
BRDA:22,48,0,1
BRDA:24,49,0,1
BRDA:29,50,0,1
BRDA:50,51,0,1
BRDA:50,52,0,2
BRDA:30,53,0,1
BRDA:50,54,0,1
BRDA:36,55,0,10
BRDA:38,56,0,10
BRDA:44,57,0,8
BRDA:40,58,0,19
BRF:59
BRH:37
end_of_record
TN:
SF:src\modules\appointments\services\ListProviderMonthAvailabilityService.ts
FN:51,__decorate
FN:51,__metadata
FN:51,__param
FN:51,__awaiter
FN:51,adopt
FN:51,fulfilled
FN:51,rejected
FN:51,step
FN:51,__generator
FN:51,sent
FN:51,g.<computed>
FN:51,verb
FN:51,step
FN:23,ListProviderMonthAvailabilityService
FN:28,ListProviderMonthAvailabilityService.execute
FNF:15
FNH:13
FNDA:1,__decorate
FNDA:1,__metadata
FNDA:1,__param
FNDA:1,__awaiter
FNDA:1,adopt
FNDA:1,fulfilled
FNDA:0,rejected
FNDA:2,step
FNDA:1,__generator
FNDA:1,sent
FNDA:0,g.<computed>
FNDA:3,verb
FNDA:2,step
FNDA:1,ListProviderMonthAvailabilityService
FNDA:1,ListProviderMonthAvailabilityService.execute
DA:1,1
DA:2,1
DA:3,1
DA:4,1
DA:5,1
DA:6,1
DA:7,1
DA:8,1
DA:9,1
DA:10,1
DA:11,1
DA:12,1
DA:13,1
DA:14,1
DA:15,1
DA:16,1
DA:17,1
DA:18,1
DA:19,1
DA:20,1
DA:21,1
DA:22,1
DA:23,1
DA:24,1
DA:25,1
DA:26,1
DA:27,1
DA:28,1
DA:29,1
DA:30,1
DA:31,1
DA:32,1
DA:33,1
DA:34,1
DA:35,1
DA:36,1
DA:37,1
DA:38,1
DA:39,1
DA:40,1
DA:41,31
DA:42,31
DA:43,31
DA:44,31
DA:45,31
DA:46,31
DA:47,1
DA:48,1
DA:49,1
DA:50,1
DA:51,1
LF:51
LH:51
BRDA:51,0,0,1
BRDA:51,1,0,1
BRDA:51,2,0,0
BRDA:51,3,0,0
BRDA:51,4,0,0
BRDA:51,5,0,0
BRDA:51,6,0,1
BRDA:51,7,0,1
BRDA:51,8,0,1
BRDA:51,9,0,1
BRDA:51,10,0,1
BRDA:51,11,0,0
BRDA:51,12,0,1
BRDA:51,13,0,1
BRDA:51,14,0,0
BRDA:51,15,0,2
BRDA:51,16,0,1
BRDA:51,17,0,1
BRDA:51,18,0,1
BRDA:51,19,0,1
BRDA:51,20,0,0
BRDA:51,21,0,3
BRDA:51,22,0,2
BRDA:51,23,0,2
BRDA:51,24,0,0
BRDA:51,25,0,4
BRDA:51,26,0,0
BRDA:51,27,0,0
BRDA:51,28,0,0
BRDA:51,29,0,0
BRDA:51,30,0,2
BRDA:51,31,0,2
BRDA:51,32,0,1
BRDA:51,33,0,0
BRDA:51,34,0,0
BRDA:51,35,0,1
BRDA:51,36,0,0
BRDA:51,37,0,0
BRDA:51,38,0,0
BRDA:51,39,0,0
BRDA:51,40,0,0
BRDA:51,41,0,2
BRDA:51,42,0,0
BRDA:51,43,0,2
BRDA:51,44,0,1
BRDA:51,45,0,0
BRDA:51,46,0,1
BRDA:51,47,0,0
BRDA:21,48,0,1
BRDA:23,49,0,1
BRDA:28,50,0,1
BRDA:51,51,0,1
BRDA:51,52,0,2
BRDA:30,53,0,1
BRDA:51,54,0,1
BRDA:38,55,0,31
BRDA:40,56,0,31
BRDA:41,57,0,341
BRF:58
BRH:36
end_of_record
TN:
SF:src\modules\appointments\services\ListProvidersService.ts
FN:25,__decorate
FN:25,__metadata
FN:25,__param
FN:25,__awaiter
FN:25,adopt
FN:25,fulfilled
FN:25,rejected
FN:25,step
FN:25,__generator
FN:25,sent
FN:25,g.<computed>
FN:25,verb
FN:25,step
FN:13,ListProvidersService
FN:18,ListProvidersService.execute
FNF:15
FNH:13
FNDA:1,__decorate
FNDA:1,__metadata
FNDA:1,__param
FNDA:1,__awaiter
FNDA:1,adopt
FNDA:1,fulfilled
FNDA:0,rejected
FNDA:2,step
FNDA:1,__generator
FNDA:1,sent
FNDA:0,g.<computed>
FNDA:3,verb
FNDA:2,step
FNDA:1,ListProvidersService
FNDA:1,ListProvidersService.execute
DA:1,1
DA:2,1
DA:3,1
DA:4,1
DA:5,1
DA:6,1
DA:7,1
DA:8,1
DA:9,1
DA:10,1
DA:11,1
DA:12,1
DA:13,1
DA:14,1
DA:15,1
DA:16,1
DA:17,1
DA:18,1
DA:19,1
DA:20,1
DA:21,1
DA:22,1
DA:23,1
DA:24,1
DA:25,1
LF:25
LH:25
BRDA:25,0,0,1
BRDA:25,1,0,1
BRDA:25,2,0,0
BRDA:25,3,0,0
BRDA:25,4,0,0
BRDA:25,5,0,0
BRDA:25,6,0,1
BRDA:25,7,0,1
BRDA:25,8,0,1
BRDA:25,9,0,1
BRDA:25,10,0,1
BRDA:25,11,0,0
BRDA:25,12,0,1
BRDA:25,13,0,1
BRDA:25,14,0,0
BRDA:25,15,0,2
BRDA:25,16,0,1
BRDA:25,17,0,1
BRDA:25,18,0,1
BRDA:25,19,0,1
BRDA:25,20,0,0
BRDA:25,21,0,3
BRDA:25,22,0,2
BRDA:25,23,0,2
BRDA:25,24,0,0
BRDA:25,25,0,4
BRDA:25,26,0,0
BRDA:25,27,0,0
BRDA:25,28,0,0
BRDA:25,29,0,0
BRDA:25,30,0,2
BRDA:25,31,0,2
BRDA:25,32,0,1
BRDA:25,33,0,0
BRDA:25,34,0,0
BRDA:25,35,0,1
BRDA:25,36,0,0
BRDA:25,37,0,0
BRDA:25,38,0,0
BRDA:25,39,0,0
BRDA:25,40,0,0
BRDA:25,41,0,2
BRDA:25,42,0,0
BRDA:25,43,0,2
BRDA:25,44,0,1
BRDA:25,45,0,0
BRDA:25,46,0,1
BRDA:25,47,0,0
BRDA:11,48,0,1
BRDA:13,49,0,1
BRDA:18,50,0,1
BRDA:25,51,0,1
BRDA:25,52,0,2
BRDA:20,53,0,1
BRDA:25,54,0,1
BRF:55
BRH:33
end_of_record
TN:
SF:src\modules\users\services\AuthenticateUserService.ts
FN:51,__decorate
FN:51,__metadata
FN:51,__param
FN:51,__awaiter
FN:51,adopt
FN:51,fulfilled
FN:51,rejected
FN:51,step
FN:51,__generator
FN:51,sent
FN:51,g.<computed>
FN:51,verb
FN:51,step
FN:51,__importDefault
FN:22,AuthenticateUserService
FN:29,AuthenticateUserService.execute
FNF:16
FNH:14
FNDA:1,__decorate
FNDA:1,__metadata
FNDA:2,__param
FNDA:3,__awaiter
FNDA:5,adopt
FNDA:5,fulfilled
FNDA:0,rejected
FNDA:6,step
FNDA:3,__generator
FNDA:5,sent
FNDA:0,g.<computed>
FNDA:9,verb
FNDA:8,step
FNDA:2,__importDefault
FNDA:3,AuthenticateUserService
FNDA:3,AuthenticateUserService.execute
DA:1,1
DA:2,1
DA:3,1
DA:4,1
DA:5,1
DA:6,1
DA:7,1
DA:8,1
DA:9,1
DA:10,1
DA:11,1
DA:12,1
DA:13,1
DA:14,1
DA:15,1
DA:16,1
DA:17,1
DA:18,1
DA:19,1
DA:20,1
DA:21,1
DA:22,1
DA:23,3
DA:24,3
DA:25,3
DA:26,3
DA:27,3
DA:28,1
DA:29,1
DA:30,3
DA:31,3
DA:32,3
DA:33,3
DA:34,1
DA:35,1
DA:36,2
DA:37,2
DA:38,3
DA:39,3
DA:40,1
DA:41,1
DA:42,1
DA:43,1
DA:44,1
DA:45,1
DA:46,1
DA:47,1
DA:48,1
DA:49,1
DA:50,3
DA:51,1
LF:51
LH:51
BRDA:51,0,0,1
BRDA:51,1,0,1
BRDA:51,2,0,0
BRDA:51,3,0,0
BRDA:51,4,0,0
BRDA:51,5,0,0
BRDA:51,6,0,1
BRDA:51,7,0,2
BRDA:51,8,0,2
BRDA:51,9,0,3
BRDA:51,10,0,5
BRDA:51,11,0,0
BRDA:51,12,0,3
BRDA:51,13,0,5
BRDA:51,14,0,2
BRDA:51,15,0,6
BRDA:51,16,0,1
BRDA:51,17,0,5
BRDA:51,18,0,3
BRDA:51,19,0,5
BRDA:51,20,0,0
BRDA:51,21,0,9
BRDA:51,22,0,8
BRDA:51,23,0,8
BRDA:51,24,0,0
BRDA:51,25,0,16
BRDA:51,26,0,0
BRDA:51,27,0,0
BRDA:51,28,0,0
BRDA:51,29,0,0
BRDA:51,30,0,8
BRDA:51,31,0,8
BRDA:51,32,0,5
BRDA:51,33,0,0
BRDA:51,34,0,0
BRDA:51,35,0,3
BRDA:51,36,0,0
BRDA:51,37,0,1
BRDA:51,38,0,0
BRDA:51,39,0,0
BRDA:51,40,0,0
BRDA:51,41,0,0
BRDA:51,42,0,8
BRDA:51,43,0,2
BRDA:51,44,0,8
BRDA:51,45,0,3
BRDA:51,46,0,2
BRDA:51,47,0,1
BRDA:51,48,0,0
BRDA:51,49,0,2
BRDA:51,50,0,0
BRDA:20,51,0,1
BRDA:22,52,0,3
BRDA:29,53,0,3
BRDA:51,54,0,3
BRDA:51,55,0,8
BRDA:31,56,0,3
BRDA:51,57,0,3
BRDA:33,58,0,1
BRDA:35,59,0,2
BRDA:51,60,0,2
BRDA:39,61,0,1
BRF:62
BRH:42
end_of_record
TN:
SF:src\modules\users\services\CreateUserService.ts
FN:43,__decorate
FN:43,__metadata
FN:43,__param
FN:43,__awaiter
FN:43,adopt
FN:43,fulfilled
FN:43,rejected
FN:43,step
FN:43,__generator
FN:43,sent
FN:43,g.<computed>
FN:43,verb
FN:43,step
FN:43,__importDefault
FN:16,CreateUserService
FN:23,CreateUserService.execute
FNF:16
FNH:14
FNDA:2,__decorate
FNDA:2,__metadata
FNDA:4,__param
FNDA:5,__awaiter
FNDA:13,adopt
FNDA:13,fulfilled
FNDA:0,rejected
FNDA:17,step
FNDA:5,__generator
FNDA:13,sent
FNDA:0,g.<computed>
FNDA:15,verb
FNDA:18,step
FNDA:2,__importDefault
FNDA:5,CreateUserService
FNDA:5,CreateUserService.execute
DA:1,1
DA:2,1
DA:3,1
DA:4,1
DA:5,1
DA:6,1
DA:7,1
DA:8,1
DA:9,1
DA:10,1
DA:11,1
DA:12,1
DA:13,1
DA:14,2
DA:15,2
DA:16,2
DA:17,5
DA:18,5
DA:19,5
DA:20,5
DA:21,5
DA:22,2
DA:23,2
DA:24,5
DA:25,5
DA:26,5
DA:27,5
DA:28,1
DA:29,1
DA:30,4
DA:31,4
DA:32,5
DA:33,5
DA:34,5
DA:35,5
DA:36,5
DA:37,5
DA:38,5
DA:39,5
DA:40,5
DA:41,5
DA:42,5
DA:43,2
LF:43
LH:43
BRDA:43,0,0,2
BRDA:43,1,0,2
BRDA:43,2,0,0
BRDA:43,3,0,0
BRDA:43,4,0,0
BRDA:43,5,0,0
BRDA:43,6,0,2
BRDA:43,7,0,4
BRDA:43,8,0,4
BRDA:43,9,0,5
BRDA:43,10,0,13
BRDA:43,11,0,0
BRDA:43,12,0,5
BRDA:43,13,0,13
BRDA:43,14,0,1
BRDA:43,15,0,17
BRDA:43,16,0,4
BRDA:43,17,0,13
BRDA:43,18,0,5
BRDA:43,19,0,13
BRDA:43,20,0,0
BRDA:43,21,0,15
BRDA:43,22,0,18
BRDA:43,23,0,18
BRDA:43,24,0,0
BRDA:43,25,0,36
BRDA:43,26,0,0
BRDA:43,27,0,0
BRDA:43,28,0,0
BRDA:43,29,0,0
BRDA:43,30,0,18
BRDA:43,31,0,18
BRDA:43,32,0,13
BRDA:43,33,0,0
BRDA:43,34,0,0
BRDA:43,35,0,5
BRDA:43,36,0,0
BRDA:43,37,0,4
BRDA:43,38,0,0
BRDA:43,39,0,0
BRDA:43,40,0,0
BRDA:43,41,0,0
BRDA:43,42,0,18
BRDA:43,43,0,1
BRDA:43,44,0,18
BRDA:43,45,0,5
BRDA:43,46,0,1
BRDA:43,47,0,4
BRDA:43,48,0,0
BRDA:43,49,0,2
BRDA:43,50,0,0
BRDA:14,51,0,2
BRDA:16,52,0,5
BRDA:23,53,0,5
BRDA:43,54,0,5
BRDA:43,55,0,18
BRDA:25,56,0,5
BRDA:43,57,0,5
BRDA:27,58,0,1
BRDA:29,59,0,4
BRDA:43,60,0,4
BRDA:43,61,0,4
BRF:62
BRH:42
end_of_record
TN:
SF:src\modules\users\services\ResetPasswordService.ts
FN:48,__decorate
FN:48,__metadata
FN:48,__param
FN:48,__awaiter
FN:48,adopt
FN:48,fulfilled
FN:48,rejected
FN:48,step
FN:48,__generator
FN:48,sent
FN:48,g.<computed>
FN:48,verb
FN:48,step
FN:48,__importDefault
FN:16,ResetPasswordService
FN:25,ResetPasswordService.execute
FNF:16
FNH:14
FNDA:1,__decorate
FNDA:1,__metadata
FNDA:3,__param
FNDA:4,__awaiter
FNDA:9,adopt
FNDA:9,fulfilled
FNDA:0,rejected
FNDA:10,step
FNDA:4,__generator
FNDA:9,sent
FNDA:0,g.<computed>
FNDA:12,verb
FNDA:13,step
FNDA:1,__importDefault
FNDA:4,ResetPasswordService
FNDA:4,ResetPasswordService.execute
DA:1,1
DA:2,1
DA:3,1
DA:4,1
DA:5,1
DA:6,1
DA:7,1
DA:8,1
DA:9,1
DA:10,1
DA:11,1
DA:12,1
DA:13,1
DA:14,1
DA:15,1
DA:16,1
DA:17,4
DA:18,4
DA:19,4
DA:20,4
DA:21,4
DA:22,4
DA:23,4
DA:24,1
DA:25,1
DA:26,4
DA:27,4
DA:28,4
DA:29,1
DA:30,1
DA:31,3
DA:32,3
DA:33,4
DA:34,4
DA:35,1
DA:36,1
DA:37,2
DA:38,2
DA:39,2
DA:40,4
DA:41,1
DA:42,1
DA:43,1
DA:44,1
DA:45,4
DA:46,4
DA:47,4
DA:48,1
LF:48
LH:48
BRDA:48,0,0,1
BRDA:48,1,0,1
BRDA:48,2,0,0
BRDA:48,3,0,0
BRDA:48,4,0,0
BRDA:48,5,0,0
BRDA:48,6,0,1
BRDA:48,7,0,3
BRDA:48,8,0,3
BRDA:48,9,0,4
BRDA:48,10,0,9
BRDA:48,11,0,0
BRDA:48,12,0,4
BRDA:48,13,0,9
BRDA:48,14,0,3
BRDA:48,15,0,10
BRDA:48,16,0,1
BRDA:48,17,0,9
BRDA:48,18,0,4
BRDA:48,19,0,9
BRDA:48,20,0,0
BRDA:48,21,0,12
BRDA:48,22,0,13
BRDA:48,23,0,13
BRDA:48,24,0,0
BRDA:48,25,0,26
BRDA:48,26,0,0
BRDA:48,27,0,0
BRDA:48,28,0,0
BRDA:48,29,0,0
BRDA:48,30,0,13
BRDA:48,31,0,13
BRDA:48,32,0,9
BRDA:48,33,0,0
BRDA:48,34,0,0
BRDA:48,35,0,4
BRDA:48,36,0,0
BRDA:48,37,0,1
BRDA:48,38,0,0
BRDA:48,39,0,0
BRDA:48,40,0,0
BRDA:48,41,0,0
BRDA:48,42,0,13
BRDA:48,43,0,3
BRDA:48,44,0,13
BRDA:48,45,0,4
BRDA:48,46,0,3
BRDA:48,47,0,1
BRDA:48,48,0,0
BRDA:48,49,0,1
BRDA:48,50,0,0
BRDA:14,51,0,1
BRDA:16,52,0,4
BRDA:25,53,0,4
BRDA:48,54,0,4
BRDA:48,55,0,13
BRDA:26,56,0,4
BRDA:48,57,0,4
BRDA:28,58,0,1
BRDA:30,59,0,3
BRDA:48,60,0,3
BRDA:34,61,0,1
BRDA:36,62,0,2
BRDA:40,63,0,1
BRDA:48,64,0,1
BRDA:48,65,0,1
BRF:66
BRH:46
end_of_record
TN:
SF:src\modules\users\services\SendForgotPasswordEmailService.ts
FN:51,__decorate
FN:51,__metadata
FN:51,__param
FN:51,__awaiter
FN:51,adopt
FN:51,fulfilled
FN:51,rejected
FN:51,step
FN:51,__generator
FN:51,sent
FN:51,g.<computed>
FN:51,verb
FN:51,step
FN:51,__importDefault
FN:15,SendForgotPasswordEmailService
FN:24,SendForgotPasswordEmailService.execute
FNF:16
FNH:14
FNDA:1,__decorate
FNDA:1,__metadata
FNDA:3,__param
FNDA:3,__awaiter
FNDA:7,adopt
FNDA:7,fulfilled
FNDA:0,rejected
FNDA:9,step
FNDA:3,__generator
FNDA:7,sent
FNDA:0,g.<computed>
FNDA:9,verb
FNDA:10,step
FNDA:2,__importDefault
FNDA:3,SendForgotPasswordEmailService
FNDA:3,SendForgotPasswordEmailService.execute
DA:1,1
DA:2,1
DA:3,1
DA:4,1
DA:5,1
DA:6,1
DA:7,1
DA:8,1
DA:9,1
DA:10,1
DA:11,1
DA:12,1
DA:13,1
DA:14,1
DA:15,1
DA:16,3
DA:17,3
DA:18,3
DA:19,3
DA:20,3
DA:21,3
DA:22,3
DA:23,1
DA:24,1
DA:25,3
DA:26,3
DA:27,3
DA:28,3
DA:29,1
DA:30,1
DA:31,2
DA:32,2
DA:33,3
DA:34,3
DA:35,3
DA:36,3
DA:37,3
DA:38,3
DA:39,3
DA:40,3
DA:41,3
DA:42,3
DA:43,3
DA:44,3
DA:45,3
DA:46,3
DA:47,3
DA:48,3
DA:49,3
DA:50,3
DA:51,1
LF:51
LH:51
BRDA:51,0,0,1
BRDA:51,1,0,1
BRDA:51,2,0,0
BRDA:51,3,0,0
BRDA:51,4,0,0
BRDA:51,5,0,0
BRDA:51,6,0,1
BRDA:51,7,0,3
BRDA:51,8,0,3
BRDA:51,9,0,3
BRDA:51,10,0,7
BRDA:51,11,0,0
BRDA:51,12,0,3
BRDA:51,13,0,7
BRDA:51,14,0,1
BRDA:51,15,0,9
BRDA:51,16,0,2
BRDA:51,17,0,7
BRDA:51,18,0,3
BRDA:51,19,0,7
BRDA:51,20,0,0
BRDA:51,21,0,9
BRDA:51,22,0,10
BRDA:51,23,0,10
BRDA:51,24,0,0
BRDA:51,25,0,20
BRDA:51,26,0,0
BRDA:51,27,0,0
BRDA:51,28,0,0
BRDA:51,29,0,0
BRDA:51,30,0,10
BRDA:51,31,0,10
BRDA:51,32,0,7
BRDA:51,33,0,0
BRDA:51,34,0,0
BRDA:51,35,0,3
BRDA:51,36,0,0
BRDA:51,37,0,2
BRDA:51,38,0,0
BRDA:51,39,0,0
BRDA:51,40,0,0
BRDA:51,41,0,0
BRDA:51,42,0,10
BRDA:51,43,0,1
BRDA:51,44,0,10
BRDA:51,45,0,3
BRDA:51,46,0,1
BRDA:51,47,0,2
BRDA:51,48,0,0
BRDA:51,49,0,2
BRDA:51,50,0,1
BRDA:51,51,0,1
BRDA:13,52,0,1
BRDA:15,53,0,3
BRDA:24,54,0,3
BRDA:51,55,0,3
BRDA:51,56,0,10
BRDA:26,57,0,3
BRDA:51,58,0,3
BRDA:28,59,0,1
BRDA:30,60,0,2
BRDA:51,61,0,2
BRDA:51,62,0,2
BRF:63
BRH:44
end_of_record
TN:
SF:src\modules\users\services\ShowProfileService.ts
FN:30,__decorate
FN:30,__metadata
FN:30,__param
FN:30,__awaiter
FN:30,adopt
FN:30,fulfilled
FN:30,rejected
FN:30,step
FN:30,__generator
FN:30,sent
FN:30,g.<computed>
FN:30,verb
FN:30,step
FN:30,__importDefault
FN:14,ShowProfileService
FN:19,ShowProfileService.execute
FNF:16
FNH:14
FNDA:1,__decorate
FNDA:1,__metadata
FNDA:1,__param
FNDA:2,__awaiter
FNDA:2,adopt
FNDA:2,fulfilled
FNDA:0,rejected
FNDA:3,step
FNDA:2,__generator
FNDA:2,sent
FNDA:0,g.<computed>
FNDA:6,verb
FNDA:4,step
FNDA:1,__importDefault
FNDA:2,ShowProfileService
FNDA:2,ShowProfileService.execute
DA:1,1
DA:2,1
DA:3,1
DA:4,1
DA:5,1
DA:6,1
DA:7,1
DA:8,1
DA:9,1
DA:10,1
DA:11,1
DA:12,1
DA:13,1
DA:14,1
DA:15,2
DA:16,2
DA:17,2
DA:18,1
DA:19,1
DA:20,2
DA:21,2
DA:22,2
DA:23,2
DA:24,1
DA:25,1
DA:26,1
DA:27,1
DA:28,2
DA:29,2
DA:30,1
LF:30
LH:30
BRDA:30,0,0,1
BRDA:30,1,0,1
BRDA:30,2,0,0
BRDA:30,3,0,0
BRDA:30,4,0,0
BRDA:30,5,0,0
BRDA:30,6,0,1
BRDA:30,7,0,1
BRDA:30,8,0,1
BRDA:30,9,0,2
BRDA:30,10,0,2
BRDA:30,11,0,0
BRDA:30,12,0,2
BRDA:30,13,0,2
BRDA:30,14,0,1
BRDA:30,15,0,3
BRDA:30,16,0,1
BRDA:30,17,0,2
BRDA:30,18,0,2
BRDA:30,19,0,2
BRDA:30,20,0,0
BRDA:30,21,0,6
BRDA:30,22,0,4
BRDA:30,23,0,4
BRDA:30,24,0,0
BRDA:30,25,0,8
BRDA:30,26,0,0
BRDA:30,27,0,0
BRDA:30,28,0,0
BRDA:30,29,0,0
BRDA:30,30,0,4
BRDA:30,31,0,4
BRDA:30,32,0,2
BRDA:30,33,0,0
BRDA:30,34,0,0
BRDA:30,35,0,2
BRDA:30,36,0,0
BRDA:30,37,0,1
BRDA:30,38,0,0
BRDA:30,39,0,0
BRDA:30,40,0,0
BRDA:30,41,0,0
BRDA:30,42,0,4
BRDA:30,43,0,1
BRDA:30,44,0,4
BRDA:30,45,0,2
BRDA:30,46,0,1
BRDA:30,47,0,0
BRDA:30,48,0,1
BRDA:30,49,0,0
BRDA:12,50,0,1
BRDA:14,51,0,2
BRDA:19,52,0,2
BRDA:30,53,0,2
BRDA:30,54,0,4
BRDA:21,55,0,2
BRDA:30,56,0,2
BRDA:23,57,0,1
BRF:58
BRH:38
end_of_record
TN:
SF:src\modules\users\services\UpdateProfileService.ts
FN:64,__decorate
FN:64,__metadata
FN:64,__param
FN:64,__awaiter
FN:64,adopt
FN:64,fulfilled
FN:64,rejected
FN:64,step
FN:64,__generator
FN:64,sent
FN:64,g.<computed>
FN:64,verb
FN:64,step
FN:64,__importDefault
FN:20,UpdateProfileService
FN:27,UpdateProfileService.execute
FNF:16
FNH:14
FNDA:1,__decorate
FNDA:1,__metadata
FNDA:2,__param
FNDA:6,__awaiter
FNDA:14,adopt
FNDA:14,fulfilled
FNDA:0,rejected
FNDA:16,step
FNDA:6,__generator
FNDA:14,sent
FNDA:0,g.<computed>
FNDA:18,verb
FNDA:20,step
FNDA:1,__importDefault
FNDA:6,UpdateProfileService
FNDA:6,UpdateProfileService.execute
DA:1,1
DA:2,1
DA:3,1
DA:4,1
DA:5,1
DA:6,1
DA:7,1
DA:8,1
DA:9,1
DA:10,1
DA:11,1
DA:12,1
DA:13,1
DA:14,1
DA:15,1
DA:16,1
DA:17,1
DA:18,1
DA:19,1
DA:20,1
DA:21,6
DA:22,6
DA:23,6
DA:24,6
DA:25,6
DA:26,1
DA:27,1
DA:28,6
DA:29,6
DA:30,6
DA:31,6
DA:32,1
DA:33,1
DA:34,5
DA:35,5
DA:36,6
DA:37,6
DA:38,1
DA:39,1
DA:40,1
DA:41,1
DA:42,4
DA:43,6
DA:44,1
DA:45,1
DA:46,3
DA:47,3
DA:48,3
DA:49,3
DA:50,3
DA:51,6
DA:52,2
DA:53,2
DA:54,6
DA:55,1
DA:56,1
DA:57,1
DA:58,1
DA:59,6
DA:60,6
DA:61,6
DA:62,6
DA:63,6
DA:64,1
LF:64
LH:64
BRDA:64,0,0,1
BRDA:64,1,0,1
BRDA:64,2,0,0
BRDA:64,3,0,0
BRDA:64,4,0,0
BRDA:64,5,0,0
BRDA:64,6,0,1
BRDA:64,7,0,2
BRDA:64,8,0,2
BRDA:64,9,0,6
BRDA:64,10,0,14
BRDA:64,11,0,0
BRDA:64,12,0,6
BRDA:64,13,0,14
BRDA:64,14,0,4
BRDA:64,15,0,16
BRDA:64,16,0,2
BRDA:64,17,0,14
BRDA:64,18,0,6
BRDA:64,19,0,14
BRDA:64,20,0,0
BRDA:64,21,0,18
BRDA:64,22,0,20
BRDA:64,23,0,20
BRDA:64,24,0,0
BRDA:64,25,0,41
BRDA:64,26,0,0
BRDA:64,27,0,0
BRDA:64,28,0,0
BRDA:64,29,0,0
BRDA:64,30,0,20
BRDA:64,31,0,20
BRDA:64,32,0,14
BRDA:64,33,0,0
BRDA:64,34,0,0
BRDA:64,35,0,7
BRDA:64,36,0,0
BRDA:64,37,0,3
BRDA:64,38,0,6
BRDA:64,39,0,1
BRDA:64,40,0,0
BRDA:64,41,0,1
BRDA:64,42,0,0
BRDA:64,43,0,0
BRDA:64,44,0,0
BRDA:64,45,0,21
BRDA:64,46,0,4
BRDA:64,47,0,21
BRDA:64,48,0,6
BRDA:64,49,0,4
BRDA:64,50,0,2
BRDA:64,51,0,0
BRDA:64,52,0,1
BRDA:64,53,0,0
BRDA:18,54,0,1
BRDA:20,55,0,6
BRDA:27,56,0,6
BRDA:64,57,0,6
BRDA:64,58,0,21
BRDA:29,59,0,6
BRDA:64,60,0,6
BRDA:31,61,0,1
BRDA:33,62,0,5
BRDA:64,63,0,5
BRDA:37,64,0,1
BRDA:41,65,0,4
BRDA:43,66,0,3
BRDA:43,67,0,1
BRDA:45,68,0,3
BRDA:51,69,0,2
BRDA:51,70,0,1
BRDA:51,71,0,2
BRDA:64,72,0,2
BRDA:54,73,0,1
BRDA:64,74,0,1
BRDA:61,75,0,2
BRF:76
BRH:56
end_of_record
TN:
SF:src\modules\users\services\UpdateUserVatarService.ts
FN:45,__decorate
FN:45,__metadata
FN:45,__param
FN:45,__awaiter
FN:45,adopt
FN:45,fulfilled
FN:45,rejected
FN:45,step
FN:45,__generator
FN:45,sent
FN:45,g.<computed>
FN:45,verb
FN:45,step
FN:45,__importDefault
FN:17,UpdateUserAvatarService
FN:24,UpdateUserAvatarService.execute
FNF:16
FNH:14
FNDA:1,__decorate
FNDA:1,__metadata
FNDA:2,__param
FNDA:4,__awaiter
FNDA:11,adopt
FNDA:11,fulfilled
FNDA:0,rejected
FNDA:14,step
FNDA:4,__generator
FNDA:11,sent
FNDA:0,g.<computed>
FNDA:12,verb
FNDA:15,step
FNDA:1,__importDefault
FNDA:3,UpdateUserAvatarService
FNDA:4,UpdateUserAvatarService.execute
DA:1,1
DA:2,1
DA:3,1
DA:4,1
DA:5,1
DA:6,1
DA:7,1
DA:8,1
DA:9,1
DA:10,1
DA:11,1
DA:12,1
DA:13,1
DA:14,1
DA:15,1
DA:16,1
DA:17,1
DA:18,3
DA:19,3
DA:20,3
DA:21,3
DA:22,3
DA:23,1
DA:24,1
DA:25,4
DA:26,4
DA:27,4
DA:28,4
DA:29,1
DA:30,1
DA:31,3
DA:32,3
DA:33,1
DA:34,4
DA:35,4
DA:36,4
DA:37,4
DA:38,4
DA:39,4
DA:40,4
DA:41,4
DA:42,4
DA:43,4
DA:44,4
DA:45,1
LF:45
LH:45
BRDA:45,0,0,1
BRDA:45,1,0,1
BRDA:45,2,0,0
BRDA:45,3,0,0
BRDA:45,4,0,0
BRDA:45,5,0,0
BRDA:45,6,0,1
BRDA:45,7,0,2
BRDA:45,8,0,2
BRDA:45,9,0,4
BRDA:45,10,0,11
BRDA:45,11,0,0
BRDA:45,12,0,4
BRDA:45,13,0,11
BRDA:45,14,0,1
BRDA:45,15,0,14
BRDA:45,16,0,3
BRDA:45,17,0,11
BRDA:45,18,0,4
BRDA:45,19,0,11
BRDA:45,20,0,0
BRDA:45,21,0,12
BRDA:45,22,0,15
BRDA:45,23,0,15
BRDA:45,24,0,0
BRDA:45,25,0,32
BRDA:45,26,0,0
BRDA:45,27,0,0
BRDA:45,28,0,0
BRDA:45,29,0,0
BRDA:45,30,0,15
BRDA:45,31,0,15
BRDA:45,32,0,11
BRDA:45,33,0,0
BRDA:45,34,0,0
BRDA:45,35,0,6
BRDA:45,36,0,0
BRDA:45,37,0,5
BRDA:45,38,0,4
BRDA:45,39,0,2
BRDA:45,40,0,0
BRDA:45,41,0,2
BRDA:45,42,0,0
BRDA:45,43,0,0
BRDA:45,44,0,0
BRDA:45,45,0,17
BRDA:45,46,0,1
BRDA:45,47,0,17
BRDA:45,48,0,4
BRDA:45,49,0,1
BRDA:45,50,0,3
BRDA:45,51,0,0
BRDA:45,52,0,1
BRDA:45,53,0,0
BRDA:15,54,0,1
BRDA:17,55,0,3
BRDA:24,56,0,4
BRDA:45,57,0,4
BRDA:45,58,0,17
BRDA:26,59,0,4
BRDA:45,60,0,4
BRDA:28,61,0,1
BRDA:30,62,0,3
BRDA:32,63,0,2
BRDA:32,64,0,1
BRDA:45,65,0,1
BRDA:36,66,0,3
BRDA:45,67,0,3
BRDA:45,68,0,3
BRF:69
BRH:49
end_of_record
